[1 | signal handler] (1713191809) Received SIGTERM scheduling shutdown...
[1] 15 Apr 22:36:49.460 # User requested shutdown...
[1] 15 Apr 22:36:49.461 * Saving the final RDB snapshot before exiting.
[1] 15 Apr 22:36:49.463 * DB saved on disk
[1] 15 Apr 22:36:49.464 # Redis is now ready to exit, bye bye...
                _._                                                  
           _.-``__ ''-._                                             
      _.-``    `.  `_.  ''-._           Redis 2.8.19 (00000000/0) 64 bit
  .-`` .-```.  ```\/    _.,_ ''-._                                   
 (    '      ,       .-`  | `,    )     Running in stand alone mode
 |`-._`-...-` __...-.``-._|'` _.-'|     Port: 6379
 |    `-._   `._    /     _.-'    |     PID: 1
  `-._    `-._  `-./  _.-'    _.-'                                   
 |`-._`-._    `-.__.-'    _.-'_.-'|                                  
 |    `-._`-._        _.-'_.-'    |           http://redis.io        
  `-._    `-._`-.__.-'_.-'    _.-'                                   
 |`-._`-._    `-.__.-'    _.-'_.-'|                                  
 |    `-._`-._        _.-'_.-'    |                                  
  `-._    `-._`-.__.-'_.-'    _.-'                                   
      `-._    `-.__.-'    _.-'                                       
          `-._        _.-'                                           
              `-.__.-'                                               

[1] 15 Apr 22:36:51.963 # Server started, Redis version 2.8.19
[1] 15 Apr 22:36:51.964 # WARNING you have Transparent Huge Pages (THP) support enabled in your kernel. This will create latency and memory usage issues with Redis. To fix this issue run the command 'echo never > /sys/kernel/mm/transparent_hugepage/enabled' as root, and add it to your /etc/rc.local in order to retain the setting after a reboot. Redis must be restarted after THP is disabled.
[1] 15 Apr 22:36:51.965 * DB loaded from disk: 0.000 seconds
[1] 15 Apr 22:36:51.967 * The server is now ready to accept connections on port 6379
